This is pdfTeX, Version 3.141592653-2.6-1.40.29 (MiKTeX 26.1) (preloaded format=pdflatex 2026.2.1)  11 APR 2026 15:44
entering extended mode
 restricted \write18 enabled.
 %&-line parsing enabled.
**./skeleton_paper1.tex
(skeleton_paper1.tex
LaTeX2e <2025-11-01>
L3 programming layer <2026-01-19>
(C:\Users\aless\AppData\Local\Programs\MiKTeX\tex/latex/base\article.cls
Document Class: article 2025/01/22 v1.4n Standard LaTeX document class
(C:\Users\aless\AppData\Local\Programs\MiKTeX\tex/latex/base\size12.clo
File: size12.clo 2025/01/22 v1.4n Standard LaTeX file (size option)
)
\c@part=\count275
\c@section=\count276
\c@subsection=\count277
\c@subsubsection=\count278
\c@paragraph=\count279
\c@subparagraph=\count280
\c@figure=\count281
\c@table=\count282
\abovecaptionskip=\skip49
\belowcaptionskip=\skip50
\bibindent=\dimen148
)
(preamble_paper.tex
(C:\Users\aless\AppData\Local\Programs\MiKTeX\tex/latex/base\fontenc.sty
Package: fontenc 2025/07/18 v2.1d Standard LaTeX package
)
(C:\Users\aless\AppData\Local\Programs\MiKTeX\tex/latex/base\inputenc.sty
Package: inputenc 2024/02/08 v1.3d Input encoding file
\inpenc@prehook=\toks17
\inpenc@posthook=\toks18
)
(C:\Users\aless\AppData\Local\Programs\MiKTeX\tex/latex/psnfss\mathptmx.sty
Package: mathptmx 2020/03/25 PSNFSS-v9.3 Times w/ Math, improved (SPQR, WaS) 
LaTeX Font Info:    Redeclaring symbol font `operators' on input line 28.
LaTeX Font Info:    Overwriting symbol font `operators' in version `normal'
(Font)                  OT1/cmr/m/n --> OT1/ztmcm/m/n on input line 28.
LaTeX Font Info:    Overwriting symbol font `operators' in version `bold'
(Font)                  OT1/cmr/bx/n --> OT1/ztmcm/m/n on input line 28.
LaTeX Font Info:    Redeclaring symbol font `letters' on input line 29.
LaTeX Font Info:    Overwriting symbol font `letters' in version `normal'
(Font)                  OML/cmm/m/it --> OML/ztmcm/m/it on input line 29.
LaTeX Font Info:    Overwriting symbol font `letters' in version `bold'
(Font)                  OML/cmm/b/it --> OML/ztmcm/m/it on input line 29.
LaTeX Font Info:    Redeclaring symbol font `symbols' on input line 30.
LaTeX Font Info:    Overwriting symbol font `symbols' in version `normal'
(Font)                  OMS/cmsy/m/n --> OMS/ztmcm/m/n on input line 30.
LaTeX Font Info:    Overwriting symbol font `symbols' in version `bold'
(Font)                  OMS/cmsy/b/n --> OMS/ztmcm/m/n on input line 30.
LaTeX Font Info:    Redeclaring symbol font `largesymbols' on input line 31.
LaTeX Font Info:    Overwriting symbol font `largesymbols' in version `normal'
(Font)                  OMX/cmex/m/n --> OMX/ztmcm/m/n on input line 31.
LaTeX Font Info:    Overwriting symbol font `largesymbols' in version `bold'
(Font)                  OMX/cmex/m/n --> OMX/ztmcm/m/n on input line 31.
\symbold=\mathgroup4
\symitalic=\mathgroup5
LaTeX Font Info:    Redeclaring math alphabet \mathbf on input line 34.
LaTeX Font Info:    Overwriting math alphabet `\mathbf' in version `normal'
(Font)                  OT1/cmr/bx/n --> OT1/ptm/bx/n on input line 34.
LaTeX Font Info:    Overwriting math alphabet `\mathbf' in version `bold'
(Font)                  OT1/cmr/bx/n --> OT1/ptm/bx/n on input line 34.
LaTeX Font Info:    Redeclaring math alphabet \mathit on input line 35.
LaTeX Font Info:    Overwriting math alphabet `\mathit' in version `normal'
(Font)                  OT1/cmr/m/it --> OT1/ptm/m/it on input line 35.
LaTeX Font Info:    Overwriting math alphabet `\mathit' in version `bold'
(Font)                  OT1/cmr/bx/it --> OT1/ptm/m/it on input line 35.
LaTeX Info: Redefining \hbar on input line 50.
)
(C:\Users\aless\AppData\Local\Programs\MiKTeX\tex/latex/geometry\geometry.sty
Package: geometry 2020/01/02 v5.9 Page Geometry

(C:\Users\aless\AppData\Local\Programs\MiKTeX\tex/latex/graphics\keyval.sty
Package: keyval 2022/05/29 v1.15 key=value parser (DPC)
\KV@toks@=\toks19
)
(C:\Users\aless\AppData\Local\Programs\MiKTeX\tex/generic/iftex\ifvtex.sty
Package: ifvtex 2019/10/25 v1.7 ifvtex legacy package. Use iftex instead.

(C:\Users\aless\AppData\Local\Programs\MiKTeX\tex/generic/iftex\iftex.sty
Package: iftex 2024/12/12 v1.0g TeX engine tests
))
\Gm@cnth=\count283
\Gm@cntv=\count284
\c@Gm@tempcnt=\count285
\Gm@bindingoffset=\dimen149
\Gm@wd@mp=\dimen150
\Gm@odd@mp=\dimen151
\Gm@even@mp=\dimen152
\Gm@layoutwidth=\dimen153
\Gm@layoutheight=\dimen154
\Gm@layouthoffset=\dimen155
\Gm@layoutvoffset=\dimen156
\Gm@dimlist=\toks20

(C:\Users\aless\AppData\Local\Programs\MiKTeX\tex/latex/geometry\geometry.cfg))
(C:\Users\aless\AppData\Local\Programs\MiKTeX\tex/latex/setspace\setspace.sty
Package: setspace 2022/12/04 v6.7b set line spacing
)
(C:\Users\aless\AppData\Local\Programs\MiKTeX\tex/latex/titlesec\titlesec.sty
Package: titlesec 2025/01/04 v2.17 Sectioning titles
\ttl@box=\box53
\beforetitleunit=\skip51
\aftertitleunit=\skip52
\ttl@plus=\dimen157
\ttl@minus=\dimen158
\ttl@toksa=\toks21
\titlewidth=\dimen159
\titlewidthlast=\dimen160
\titlewidthfirst=\dimen161
)
(C:\Users\aless\AppData\Local\Programs\MiKTeX\tex/latex/fancyhdr\fancyhdr.sty
Package: fancyhdr 2025/02/07 v5.2 Extensive control of page headers and footers

\f@nch@headwidth=\skip53
\f@nch@offset@elh=\skip54
\f@nch@offset@erh=\skip55
\f@nch@offset@olh=\skip56
\f@nch@offset@orh=\skip57
\f@nch@offset@elf=\skip58
\f@nch@offset@erf=\skip59
\f@nch@offset@olf=\skip60
\f@nch@offset@orf=\skip61
\f@nch@height=\skip62
\f@nch@footalignment=\skip63
\f@nch@widthL=\skip64
\f@nch@widthC=\skip65
\f@nch@widthR=\skip66
\@temptokenb=\toks22
)
(C:\Users\aless\AppData\Local\Programs\MiKTeX\tex/latex/graphics\graphicx.sty
Package: graphicx 2024/12/31 v1.2e Enhanced LaTeX Graphics (DPC,SPQR)

(C:\Users\aless\AppData\Local\Programs\MiKTeX\tex/latex/graphics\graphics.sty
Package: graphics 2024/08/06 v1.4g Standard LaTeX Graphics (DPC,SPQR)

(C:\Users\aless\AppData\Local\Programs\MiKTeX\tex/latex/graphics\trig.sty
Package: trig 2023/12/02 v1.11 sin cos tan (DPC)
)
(C:\Users\aless\AppData\Local\Programs\MiKTeX\tex/latex/graphics-cfg\graphics.c
fg
File: graphics.cfg 2016/06/04 v1.11 sample graphics configuration
)
Package graphics Info: Driver file: pdftex.def on input line 106.

(C:\Users\aless\AppData\Local\Programs\MiKTeX\tex/latex/graphics-def\pdftex.def
File: pdftex.def 2025/09/29 v1.2d Graphics/color driver for pdftex
))
\Gin@req@height=\dimen162
\Gin@req@width=\dimen163
)
(C:\Users\aless\AppData\Local\Programs\MiKTeX\tex/latex/booktabs\booktabs.sty
Package: booktabs 2020/01/12 v1.61803398 Publication quality tables
\heavyrulewidth=\dimen164
\lightrulewidth=\dimen165
\cmidrulewidth=\dimen166
\belowrulesep=\dimen167
\belowbottomsep=\dimen168
\aboverulesep=\dimen169
\abovetopsep=\dimen170
\cmidrulesep=\dimen171
\cmidrulekern=\dimen172
\defaultaddspace=\dimen173
\@cmidla=\count286
\@cmidlb=\count287
\@aboverulesep=\dimen174
\@belowrulesep=\dimen175
\@thisruleclass=\count288
\@lastruleclass=\count289
\@thisrulewidth=\dimen176
)
(C:\Users\aless\AppData\Local\Programs\MiKTeX\tex/latex/tools\longtable.sty
Package: longtable 2025-10-13 v4.24 Multi-page Table package (DPC)
\LTleft=\skip67
\LTright=\skip68
\LTpre=\skip69
\LTpost=\skip70
\LTchunksize=\count290
\LTcapwidth=\dimen177
\LT@head=\box54
\LT@firsthead=\box55
\LT@foot=\box56
\LT@lastfoot=\box57
\LT@gbox=\box58
\LT@cols=\count291
\LT@rows=\count292
\c@LT@tables=\count293
\c@LT@chunks=\count294
\LT@p@ftn=\toks23
)
(C:\Users\aless\AppData\Local\Programs\MiKTeX\tex/latex/tools\tabularx.sty
Package: tabularx 2023/12/11 v2.12a `tabularx' package (DPC)

(C:\Users\aless\AppData\Local\Programs\MiKTeX\tex/latex/tools\array.sty
Package: array 2025/09/25 v2.6n Tabular extension package (FMi)
\col@sep=\dimen178
\ar@mcellbox=\box59
\extrarowheight=\dimen179
\NC@list=\toks24
\extratabsurround=\skip71
\backup@length=\skip72
\ar@cellbox=\box60
)
\TX@col@width=\dimen180
\TX@old@table=\dimen181
\TX@old@col=\dimen182
\TX@target=\dimen183
\TX@delta=\dimen184
\TX@cols=\count295
\TX@ftn=\toks25
)
(C:\Users\aless\AppData\Local\Programs\MiKTeX\tex/latex/multirow\multirow.sty
Package: multirow 2024/11/12 v2.9 Span multiple rows of a table
\multirow@colwidth=\skip73
\multirow@cntb=\count296
\multirow@dima=\skip74
\bigstrutjot=\dimen185
)
(C:\Users\aless\AppData\Local\Programs\MiKTeX\tex/latex/amsmath\amsmath.sty
Package: amsmath 2025/07/09 v2.17z AMS math features
\@mathmargin=\skip75

For additional information on amsmath, use the `?' option.
(C:\Users\aless\AppData\Local\Programs\MiKTeX\tex/latex/amsmath\amstext.sty
Package: amstext 2024/11/17 v2.01 AMS text

(C:\Users\aless\AppData\Local\Programs\MiKTeX\tex/latex/amsmath\amsgen.sty
File: amsgen.sty 1999/11/30 v2.0 generic functions
\@emptytoks=\toks26
\ex@=\dimen186
))
(C:\Users\aless\AppData\Local\Programs\MiKTeX\tex/latex/amsmath\amsbsy.sty
Package: amsbsy 1999/11/29 v1.2d Bold Symbols
\pmbraise@=\dimen187
)
(C:\Users\aless\AppData\Local\Programs\MiKTeX\tex/latex/amsmath\amsopn.sty
Package: amsopn 2022/04/08 v2.04 operator names
)
\inf@bad=\count297
LaTeX Info: Redefining \frac on input line 233.
\uproot@=\count298
\leftroot@=\count299
LaTeX Info: Redefining \overline on input line 398.
LaTeX Info: Redefining \colon on input line 409.
\classnum@=\count300
\DOTSCASE@=\count301
LaTeX Info: Redefining \ldots on input line 495.
LaTeX Info: Redefining \dots on input line 498.
LaTeX Info: Redefining \cdots on input line 619.
\Mathstrutbox@=\box61
\strutbox@=\box62
LaTeX Info: Redefining \big on input line 721.
LaTeX Info: Redefining \Big on input line 722.
LaTeX Info: Redefining \bigg on input line 723.
LaTeX Info: Redefining \Bigg on input line 724.
\big@size=\dimen188
LaTeX Font Info:    Redeclaring font encoding OML on input line 742.
LaTeX Font Info:    Redeclaring font encoding OMS on input line 743.
\macc@depth=\count302
LaTeX Info: Redefining \bmod on input line 904.
LaTeX Info: Redefining \pmod on input line 909.
LaTeX Info: Redefining \smash on input line 939.
LaTeX Info: Redefining \relbar on input line 969.
LaTeX Info: Redefining \Relbar on input line 970.
\c@MaxMatrixCols=\count303
\dotsspace@=\muskip17
\c@parentequation=\count304
\dspbrk@lvl=\count305
\tag@help=\toks27
\row@=\count306
\column@=\count307
\maxfields@=\count308
\andhelp@=\toks28
\eqnshift@=\dimen189
\alignsep@=\dimen190
\tagshift@=\dimen191
\tagwidth@=\dimen192
\totwidth@=\dimen193
\lineht@=\dimen194
\@envbody=\toks29
\multlinegap=\skip76
\multlinetaggap=\skip77
\mathdisplay@stack=\toks30
LaTeX Info: Redefining \[ on input line 2950.
LaTeX Info: Redefining \] on input line 2951.
)
(C:\Users\aless\AppData\Local\Programs\MiKTeX\tex/latex/amsfonts\amssymb.sty
Package: amssymb 2013/01/14 v3.01 AMS font symbols

(C:\Users\aless\AppData\Local\Programs\MiKTeX\tex/latex/amsfonts\amsfonts.sty
Package: amsfonts 2013/01/14 v3.01 Basic AMSFonts support
\symAMSa=\mathgroup6
\symAMSb=\mathgroup7
LaTeX Font Info:    Overwriting math alphabet `\mathfrak' in version `bold'
(Font)                  U/euf/m/n --> U/euf/b/n on input line 106.
)) (C:\Users\aless\AppData\Local\Programs\MiKTeX\tex/latex/natbib\natbib.sty
Package: natbib 2010/09/13 8.31b (PWD, AO)
\bibhang=\skip78
\bibsep=\skip79
LaTeX Info: Redefining \cite on input line 694.
\c@NAT@ctr=\count309
)
(C:\Users\aless\AppData\Local\Programs\MiKTeX\tex/latex/hyperref\hyperref.sty
Package: hyperref 2026-01-29 v7.01p Hypertext links for LaTeX

(C:\Users\aless\AppData\Local\Programs\MiKTeX\tex/latex/kvsetkeys\kvsetkeys.sty
Package: kvsetkeys 2022-10-05 v1.19 Key value parser (HO)
)
(C:\Users\aless\AppData\Local\Programs\MiKTeX\tex/generic/kvdefinekeys\kvdefine
keys.sty
Package: kvdefinekeys 2019-12-19 v1.6 Define keys (HO)
)
(C:\Users\aless\AppData\Local\Programs\MiKTeX\tex/generic/pdfescape\pdfescape.s
ty
Package: pdfescape 2019/12/09 v1.15 Implements pdfTeX's escape features (HO)

(C:\Users\aless\AppData\Local\Programs\MiKTeX\tex/generic/ltxcmds\ltxcmds.sty
Package: ltxcmds 2023-12-04 v1.26 LaTeX kernel commands for general use (HO)
)
(C:\Users\aless\AppData\Local\Programs\MiKTeX\tex/generic/pdftexcmds\pdftexcmds
.sty
Package: pdftexcmds 2020-06-27 v0.33 Utility functions of pdfTeX for LuaTeX (HO
)

(C:\Users\aless\AppData\Local\Programs\MiKTeX\tex/generic/infwarerr\infwarerr.s
ty
Package: infwarerr 2019/12/03 v1.5 Providing info/warning/error messages (HO)
)
Package pdftexcmds Info: \pdf@primitive is available.
Package pdftexcmds Info: \pdf@ifprimitive is available.
Package pdftexcmds Info: \pdfdraftmode found.
))
(C:\Users\aless\AppData\Local\Programs\MiKTeX\tex/latex/hycolor\hycolor.sty
Package: hycolor 2020-01-27 v1.10 Color options for hyperref/bookmark (HO)
)
(C:\Users\aless\AppData\Local\Programs\MiKTeX\tex/latex/hyperref\nameref.sty
Package: nameref 2026-01-29 v2.58 Cross-referencing by name of section

(C:\Users\aless\AppData\Local\Programs\MiKTeX\tex/latex/refcount\refcount.sty
Package: refcount 2019/12/15 v3.6 Data extraction from label references (HO)
)
(C:\Users\aless\AppData\Local\Programs\MiKTeX\tex/generic/gettitlestring\gettit
lestring.sty
Package: gettitlestring 2019/12/15 v1.6 Cleanup title references (HO)

(C:\Users\aless\AppData\Local\Programs\MiKTeX\tex/latex/kvoptions\kvoptions.sty
Package: kvoptions 2022-06-15 v3.15 Key value format for package options (HO)
))
\c@section@level=\count310
)
(C:\Users\aless\AppData\Local\Programs\MiKTeX\tex/latex/etoolbox\etoolbox.sty
Package: etoolbox 2025/10/02 v2.5m e-TeX tools for LaTeX (JAW)
\etb@tempcnta=\count311
)
(C:\Users\aless\AppData\Local\Programs\MiKTeX\tex/generic/stringenc\stringenc.s
ty
Package: stringenc 2019/11/29 v1.12 Convert strings between diff. encodings (HO
)
)
\@linkdim=\dimen195
\Hy@linkcounter=\count312
\Hy@pagecounter=\count313
 (C:\Users\aless\AppData\Local\Programs\MiKTeX\tex/latex/hyperref\pd1enc.def
File: pd1enc.def 2026-01-29 v7.01p Hyperref: PDFDocEncoding definition (HO)
Now handling font encoding PD1 ...
... no UTF-8 mapping file for font encoding PD1
) (C:\Users\aless\AppData\Local\Programs\MiKTeX\tex/generic/intcalc\intcalc.sty
Package: intcalc 2019/12/15 v1.3 Expandable calculations with integers (HO)
)
\Hy@SavedSpaceFactor=\count314
 (C:\Users\aless\AppData\Local\Programs\MiKTeX\tex/latex/hyperref\puenc.def
File: puenc.def 2026-01-29 v7.01p Hyperref: PDF Unicode definition (HO)
Now handling font encoding PU ...
... no UTF-8 mapping file for font encoding PU
)
Package hyperref Info: Hyper figures OFF on input line 4201.
Package hyperref Info: Link nesting OFF on input line 4206.
Package hyperref Info: Hyper index ON on input line 4209.
Package hyperref Info: Plain pages OFF on input line 4216.
Package hyperref Info: Backreferencing OFF on input line 4221.
Package hyperref Info: Implicit mode ON; LaTeX internals redefined.
Package hyperref Info: Bookmarks ON on input line 4468.
\c@Hy@tempcnt=\count315

(C:\Users\aless\AppData\Local\Programs\MiKTeX\tex/latex/url\url.sty
\Urlmuskip=\muskip18
Package: url 2013/09/16  ver 3.4  Verb mode for urls, etc.
)
LaTeX Info: Redefining \url on input line 4807.
\XeTeXLinkMargin=\dimen196

(C:\Users\aless\AppData\Local\Programs\MiKTeX\tex/generic/bitset\bitset.sty
Package: bitset 2019/12/09 v1.3 Handle bit-vector datatype (HO)

(C:\Users\aless\AppData\Local\Programs\MiKTeX\tex/generic/bigintcalc\bigintcalc
.sty
Package: bigintcalc 2019/12/15 v1.5 Expandable calculations on big integers (HO
)
))
\Fld@menulength=\count316
\Field@Width=\dimen197
\Fld@charsize=\dimen198
Package hyperref Info: Hyper figures OFF on input line 6084.
Package hyperref Info: Link nesting OFF on input line 6089.
Package hyperref Info: Hyper index ON on input line 6092.
Package hyperref Info: backreferencing OFF on input line 6099.
Package hyperref Info: Link coloring OFF on input line 6104.
Package hyperref Info: Link coloring with OCG OFF on input line 6109.
Package hyperref Info: PDF/A mode OFF on input line 6114.
\Hy@abspage=\count317
\c@Item=\count318
\c@Hfootnote=\count319
)
Package hyperref Info: Driver (autodetected): hpdftex.

(C:\Users\aless\AppData\Local\Programs\MiKTeX\tex/latex/hyperref\hpdftex.def
File: hpdftex.def 2026-01-29 v7.01p Hyperref driver for pdfTeX
\Fld@listcount=\count320
\c@bookmark@seq@number=\count321

(C:\Users\aless\AppData\Local\Programs\MiKTeX\tex/latex/rerunfilecheck\rerunfil
echeck.sty
Package: rerunfilecheck 2025-06-21 v1.11 Rerun checks for auxiliary files (HO)

(C:\Users\aless\AppData\Local\Programs\MiKTeX\tex/generic/uniquecounter\uniquec
ounter.sty
Package: uniquecounter 2019/12/15 v1.4 Provide unlimited unique counter (HO)
)
Package uniquecounter Info: New unique counter `rerunfilecheck' on input line 2
84.
)
\Hy@SectionHShift=\skip80
)
(C:\Users\aless\AppData\Local\Programs\MiKTeX\tex/latex/caption\caption.sty
Package: caption 2023/08/05 v3.6o Customizing captions (AR)

(C:\Users\aless\AppData\Local\Programs\MiKTeX\tex/latex/caption\caption3.sty
Package: caption3 2023/07/31 v2.4d caption3 kernel (AR)
\caption@tempdima=\dimen199
\captionmargin=\dimen256
\caption@leftmargin=\dimen257
\caption@rightmargin=\dimen258
\caption@width=\dimen259
\caption@indent=\dimen260
\caption@parindent=\dimen261
\caption@hangindent=\dimen262
Package caption Info: Standard document class detected.
)
\c@caption@flags=\count322
\c@continuedfloat=\count323
Package caption Info: hyperref package is loaded.
Package caption Info: longtable package is loaded.

(C:\Users\aless\AppData\Local\Programs\MiKTeX\tex/latex/caption\ltcaption.sty
Package: ltcaption 2021/01/08 v1.4c longtable captions (AR)
)) (C:\Users\aless\AppData\Local\Programs\MiKTeX\tex/latex/caption\subcaption.s
ty
Package: subcaption 2023/07/28 v1.6b Sub-captions (AR)
Package caption Info: New subtype `subfigure' on input line 238.
\c@subfigure=\count324
Package caption Info: New subtype `subtable' on input line 238.
\c@subtable=\count325
) (C:\Users\aless\AppData\Local\Programs\MiKTeX\tex/latex/float\float.sty
Package: float 2001/11/08 v1.3d Float enhancements (AL)
\c@float@type=\count326
\float@exts=\toks31
\float@box=\box63
\@float@everytoks=\toks32
\@floatcapt=\box64
)
(C:\Users\aless\AppData\Local\Programs\MiKTeX\tex/latex/pdflscape\pdflscape.sty
Package: pdflscape 2022-10-27 v0.13 Display of landscape pages in PDF

(C:\Users\aless\AppData\Local\Programs\MiKTeX\tex/latex/pdflscape\pdflscape-nom
etadata.sty
Package: pdflscape-nometadata 2022-10-28 v0.13 Display of landscape pages in PD
F (HO)

(C:\Users\aless\AppData\Local\Programs\MiKTeX\tex/latex/graphics\lscape.sty
Package: lscape 2020/05/28 v3.02 Landscape Pages (DPC)
)
Package pdflscape Info: Auto-detected driver: pdftex on input line 81.
))
(C:\Users\aless\AppData\Local\Programs\MiKTeX\tex/latex/ragged2e\ragged2e.sty
Package: ragged2e 2023/06/22 v3.6 ragged2e Package
\CenteringLeftskip=\skip81
\RaggedLeftLeftskip=\skip82
\RaggedRightLeftskip=\skip83
\CenteringRightskip=\skip84
\RaggedLeftRightskip=\skip85
\RaggedRightRightskip=\skip86
\CenteringParfillskip=\skip87
\RaggedLeftParfillskip=\skip88
\RaggedRightParfillskip=\skip89
\JustifyingParfillskip=\skip90
\CenteringParindent=\skip91
\RaggedLeftParindent=\skip92
\RaggedRightParindent=\skip93
\JustifyingParindent=\skip94
)
(C:\Users\aless\AppData\Local\Programs\MiKTeX\tex/latex/tools\dcolumn.sty
Package: dcolumn 2025/10/21 v1.06 decimal alignment package (DPC)
)
(C:\Users\aless\AppData\Local\Programs\MiKTeX\tex/latex/threeparttable\threepar
ttable.sty
Package: threeparttable 2003/06/13  v 3.0
\@tempboxb=\box65
)
(C:\Users\aless\AppData\Local\Programs\MiKTeX\tex/latex/graphics\rotating.sty
Package: rotating 2025/01/14 v2.16e rotated objects in LaTeX

(C:\Users\aless\AppData\Local\Programs\MiKTeX\tex/latex/base\ifthen.sty
Package: ifthen 2024/03/16 v1.1e Standard LaTeX ifthen package (DPC)
)
\c@r@tfl@t=\count327
\rotFPtop=\skip95
\rotFPbot=\skip96
\rot@float@box=\box66
\rot@mess@toks=\toks33
)
(C:\Users\aless\AppData\Local\Programs\MiKTeX\tex/latex/footmisc\footmisc.sty
Package: footmisc 2025/05/09 v7.0b a miscellany of footnote facilities
\FN@temptoken=\toks34
\footnotemargin=\dimen263
Package footmisc Info: Declaring symbol style bringhurst on input line 549.
Package footmisc Info: Declaring symbol style chicago on input line 557.
Package footmisc Info: Declaring symbol style wiley on input line 566.
Package footmisc Info: Declaring symbol style lamport-robust on input line 577.

Package footmisc Info: Declaring symbol style lamport* on input line 597.
Package footmisc Info: Declaring symbol style lamport*-robust on input line 618
.
)
(C:\Users\aless\AppData\Local\Programs\MiKTeX\tex/latex/needspace\needspace.sty
Package: needspace 2025/03/13 v1.3e reserve vertical space
)
Package hyperref Info: Option `colorlinks' set `true' on input line 75.
)
LaTeX Font Info:    Trying to load font information for T1+ptm on input line 11
.
 (C:\Users\aless\AppData\Local\Programs\MiKTeX\tex/latex/psnfss\t1ptm.fd
File: t1ptm.fd 2001/06/04 font definitions for T1/ptm.
)
(C:\Users\aless\AppData\Local\Programs\MiKTeX\tex/latex/l3backend\l3backend-pdf
tex.def
File: l3backend-pdftex.def 2025-10-09 L3 backend support: PDF output (pdfTeX)
\l__color_backend_stack_int=\count328
) (skeleton_paper1.aux)
\openout1 = `skeleton_paper1.aux'.

LaTeX Font Info:    Checking defaults for OML/cmm/m/it on input line 11.
LaTeX Font Info:    ... okay on input line 11.
LaTeX Font Info:    Checking defaults for OMS/cmsy/m/n on input line 11.
LaTeX Font Info:    ... okay on input line 11.
LaTeX Font Info:    Checking defaults for OT1/cmr/m/n on input line 11.
LaTeX Font Info:    ... okay on input line 11.
LaTeX Font Info:    Checking defaults for T1/cmr/m/n on input line 11.
LaTeX Font Info:    ... okay on input line 11.
LaTeX Font Info:    Checking defaults for TS1/cmr/m/n on input line 11.
LaTeX Font Info:    ... okay on input line 11.
LaTeX Font Info:    Checking defaults for OMX/cmex/m/n on input line 11.
LaTeX Font Info:    ... okay on input line 11.
LaTeX Font Info:    Checking defaults for U/cmr/m/n on input line 11.
LaTeX Font Info:    ... okay on input line 11.
LaTeX Font Info:    Checking defaults for PD1/pdf/m/n on input line 11.
LaTeX Font Info:    ... okay on input line 11.
LaTeX Font Info:    Checking defaults for PU/pdf/m/n on input line 11.
LaTeX Font Info:    ... okay on input line 11.

*geometry* driver: auto-detecting
*geometry* detected driver: pdftex
*geometry* verbose mode - [ preamble ] result:
* driver: pdftex
* paper: letterpaper
* layout: <same size as paper>
* layoutoffset:(h,v)=(0.0pt,0.0pt)
* modes: 
* h-part:(L,W,R)=(72.26999pt, 469.75502pt, 72.26999pt)
* v-part:(T,H,B)=(72.26999pt, 650.43001pt, 72.26999pt)
* \paperwidth=614.295pt
* \paperheight=794.96999pt
* \textwidth=469.75502pt
* \textheight=650.43001pt
* \oddsidemargin=0.0pt
* \evensidemargin=0.0pt
* \topmargin=-37.0pt
* \headheight=12.0pt
* \headsep=25.0pt
* \topskip=12.0pt
* \footskip=36.135pt
* \marginparwidth=44.0pt
* \marginparsep=10.0pt
* \columnsep=10.0pt
* \skip\footins=10.8pt plus 4.0pt minus 2.0pt
* \hoffset=0.0pt
* \voffset=0.0pt
* \mag=1000
* \@twocolumnfalse
* \@twosidefalse
* \@mparswitchfalse
* \@reversemarginfalse
* (1in=72.27pt=25.4mm, 1cm=28.453pt)


(C:\Users\aless\AppData\Local\Programs\MiKTeX\tex/context/base/mkii\supp-pdf.mk
ii
[Loading MPS to PDF converter (version 2006.09.02).]
\scratchcounter=\count329
\scratchdimen=\dimen264
\scratchbox=\box67
\nofMPsegments=\count330
\nofMParguments=\count331
\everyMPshowfont=\toks35
\MPscratchCnt=\count332
\MPscratchDim=\dimen265
\MPnumerator=\count333
\makeMPintoPDFobject=\count334
\everyMPtoPDFconversion=\toks36
)
(C:\Users\aless\AppData\Local\Programs\MiKTeX\tex/latex/epstopdf-pkg\epstopdf-b
ase.sty
Package: epstopdf-base 2020-01-24 v2.11 Base part for package epstopdf
Package epstopdf-base Info: Redefining graphics rule for `.eps' on input line 4
85.

(C:\Users\aless\AppData\Local\Programs\MiKTeX\tex/latex/00miktex\epstopdf-sys.c
fg
File: epstopdf-sys.cfg 2021/03/18 v2.0 Configuration of epstopdf for MiKTeX
)) (C:\Users\aless\AppData\Local\Programs\MiKTeX\tex/latex/graphics\color.sty
Package: color 2025/01/14 v1.3e Standard LaTeX Color (DPC)
(C:\Users\aless\AppData\Local\Programs\MiKTeX\tex/latex/graphics-cfg\color.cfg
File: color.cfg 2016/01/02 v1.6 sample color configuration
)
Package color Info: Driver file: pdftex.def on input line 149.
(C:\Users\aless\AppData\Local\Programs\MiKTeX\tex/latex/graphics\mathcolor.ltx)
)
Package hyperref Info: Link coloring ON on input line 11.
 (skeleton_paper1.out) (skeleton_paper1.out)
\@outlinefile=\write3
\openout3 = `skeleton_paper1.out'.

Package caption Info: Begin \AtBeginDocument code.
Package caption Info: float package is loaded.
Package caption Info: rotating package is loaded.
Package caption Info: threeparttable package is loaded.
Package caption Info: End \AtBeginDocument code.
 (chapters/paper1_titlepage.tex)
[1


{C:/Users/aless/AppData/Local/MiKTeX/fonts/map/pdftex/pdftex.map}{C:/Users/ales
s/AppData/Local/Programs/MiKTeX/fonts/enc/dvips/base/8r.enc}]
(chapters/skeleton1_sec1_introduction.tex)
(chapters/skeleton1_sec2_literature.tex

pdfTeX warning: pdflatex.exe (file ../results/figures/TIPSpre2009.pdf): PDF inc
lusion: found PDF version <1.7>, but at most version <1.5> allowed
<../results/figures/TIPSpre2009.pdf, id=270, 740.7675pt x 481.04718pt>
File: ../results/figures/TIPSpre2009.pdf Graphic file (type pdf)
<use ../results/figures/TIPSpre2009.pdf>
Package pdftex.def Info: ../results/figures/TIPSpre2009.pdf  used on input line
 26.
(pdftex.def)             Requested size: 225.47597pt x 156.49261pt.


pdfTeX warning: pdflatex.exe (file ../results/figures/TIPS_today.pdf): PDF incl
usion: found PDF version <1.7>, but at most version <1.5> allowed
<../results/figures/TIPS_today.pdf, id=275, 669.2503pt x 216.81pt>
File: ../results/figures/TIPS_today.pdf Graphic file (type pdf)
<use ../results/figures/TIPS_today.pdf>
Package pdftex.def Info: ../results/figures/TIPS_today.pdf  used on input line 
33.
(pdftex.def)             Requested size: 225.47928pt x 156.49675pt.
) (chapters/skeleton1_sec3_data.tex [2

 <../results/figures/TIPSpre2009.pdf> <../results/figures/TIPS_today.pdf>]
Overfull \hbox (0.12927pt too wide) in paragraph at lines 26--30
\T1/ptm/m/n/12 duration-weighted av-er-age of its single-name con-stituents. On
ly on-the-run se-ries are traded, across
 []

<../results/figures/basis_time_series.pdf, id=297, 859.26207pt x 714.48492pt>
File: ../results/figures/basis_time_series.pdf Graphic file (type pdf)
<use ../results/figures/basis_time_series.pdf>
Package pdftex.def Info: ../results/figures/basis_time_series.pdf  used on inpu
t line 36.
(pdftex.def)             Requested size: 469.75502pt x 390.60216pt.
LaTeX Font Info:    Trying to load font information for OT1+ztmcm on input line
 43.
(C:\Users\aless\AppData\Local\Programs\MiKTeX\tex/latex/psnfss\ot1ztmcm.fd
File: ot1ztmcm.fd 2000/01/03 Fontinst v1.801 font definitions for OT1/ztmcm.
)
LaTeX Font Info:    Trying to load font information for OML+ztmcm on input line
 43.

(C:\Users\aless\AppData\Local\Programs\MiKTeX\tex/latex/psnfss\omlztmcm.fd
File: omlztmcm.fd 2000/01/03 Fontinst v1.801 font definitions for OML/ztmcm.
)
LaTeX Font Info:    Trying to load font information for OMS+ztmcm on input line
 43.

(C:\Users\aless\AppData\Local\Programs\MiKTeX\tex/latex/psnfss\omsztmcm.fd
File: omsztmcm.fd 2000/01/03 Fontinst v1.801 font definitions for OMS/ztmcm.
)
LaTeX Font Info:    Trying to load font information for OMX+ztmcm on input line
 43.

(C:\Users\aless\AppData\Local\Programs\MiKTeX\tex/latex/psnfss\omxztmcm.fd
File: omxztmcm.fd 2000/01/03 Fontinst v1.801 font definitions for OMX/ztmcm.
)
LaTeX Font Info:    Trying to load font information for OT1+ptm on input line 4
3.

(C:\Users\aless\AppData\Local\Programs\MiKTeX\tex/latex/psnfss\ot1ptm.fd
File: ot1ptm.fd 2001/06/04 font definitions for OT1/ptm.
)
LaTeX Font Info:    Font shape `OT1/ptm/bx/n' in size <10.95> not available
(Font)              Font shape `OT1/ptm/b/n' tried instead on input line 43.
LaTeX Font Info:    Font shape `OT1/ptm/bx/n' in size <8> not available
(Font)              Font shape `OT1/ptm/b/n' tried instead on input line 43.
LaTeX Font Info:    Font shape `OT1/ptm/bx/n' in size <6> not available
(Font)              Font shape `OT1/ptm/b/n' tried instead on input line 43.

[3] [4 <../results/figures/basis_time_series.pdf>]
(../results/tables/summary_statistics_daily_article.tex
LaTeX Font Info:    Font shape `OT1/ptm/bx/n' in size <10> not available
(Font)              Font shape `OT1/ptm/b/n' tried instead on input line 37.
LaTeX Font Info:    Font shape `OT1/ptm/bx/n' in size <7.4> not available
(Font)              Font shape `OT1/ptm/b/n' tried instead on input line 37.

Overfull \hbox (21.94997pt too wide) in paragraph at lines 10--41
 [] 
 []

)
<../results/figures/equity_curves_combined.pdf, id=410, 731.15137pt x 657.7285p
t>
File: ../results/figures/equity_curves_combined.pdf Graphic file (type pdf)
<use ../results/figures/equity_curves_combined.pdf>
Package pdftex.def Info: ../results/figures/equity_curves_combined.pdf  used on
 input line 71.
(pdftex.def)             Requested size: 469.75502pt x 422.59073pt.
 [5] (../results/tables/MPPM_analysis_monthly_article.tex
LaTeX Font Info:    Font shape `OT1/ptm/bx/n' in size <12> not available
(Font)              Font shape `OT1/ptm/b/n' tried instead on input line 7.
LaTeX Font Info:    Font shape `OT1/ptm/bx/n' in size <9> not available
(Font)              Font shape `OT1/ptm/b/n' tried instead on input line 7.
LaTeX Font Info:    Font shape `OT1/ptm/bx/n' in size <7> not available
(Font)              Font shape `OT1/ptm/b/n' tried instead on input line 7.
) [6 <../results/figures/equity_curves_combined.pdf>]
(../results/tables/moreira_muir_performance_monthly_article.tex))
(chapters/skeleton1_sec4_benchmarks.tex [7] [8]
(../results/tables/Duarte_article_monthly.tex
Overfull \hbox (21.35895pt too wide) in paragraph at lines 11--51
 [] 
 []

) (../results/tables/FungHsieh_article_monthly.tex) [9]
(../results/tables/ActiveFI_article_monthly.tex) [10]
(../results/tables/alpha_synthesis_across_models_monthly.tex) [11] [12]
<../results/figures/rolling_alpha_composite_monthly.pdf, id=603, 1004.7782pt x 
858.29974pt>
File: ../results/figures/rolling_alpha_composite_monthly.pdf Graphic file (type
 pdf)
<use ../results/figures/rolling_alpha_composite_monthly.pdf>
Package pdftex.def Info: ../results/figures/rolling_alpha_composite_monthly.pdf
  used on input line 116.
(pdftex.def)             Requested size: 469.75502pt x 401.2793pt.
)
[13] (chapters/skeleton1_sec5_factor_selection.tex [14 <../results/figures/roll
ing_alpha_composite_monthly.pdf>]
<../results/figures/pca/pca_scree_plot.pdf, id=687, 716.26347pt x 424.74397pt>
File: ../results/figures/pca/pca_scree_plot.pdf Graphic file (type pdf)
<use ../results/figures/pca/pca_scree_plot.pdf>
Package pdftex.def Info: ../results/figures/pca/pca_scree_plot.pdf  used on inp
ut line 28.
(pdftex.def)             Requested size: 399.29463pt x 236.77913pt.
 (../results/tables/PCA_article.tex [15 <../results/figures/pca/pca_scree_plot.
pdf>]) [16] [17]
(../results/tables/AEN_Stable_OLS_article.tex) [18]
Overfull \vbox (18.26967pt too high) has occurred while \output is active []


[19]
Overfull \hbox (7.97586pt too wide) in paragraph at lines 141--148
\T1/ptm/m/n/12 meth-ods (Ta-ble [][]11[][]). This is con-sis-tent with the limi
ts-to-arbitrage mech-a-nism [[][]Duffie[][], [][]2010[][], [][]Mitchell
 []

(../results/tables/alpha_regime_synthesis_pca_aen.tex)
(../results/tables/AEN_Method_Comparison_article.tex)) [20]
(chapters/skeleton1_sec6_interdependencies.tex [21]
(../results/tables/RQ3_Unified_Correlations_article.tex)
<../results/rq3_duffie/figures/C1_regime_correlations_bar.pdf, id=860, 1075.829
96pt x 356.79361pt>
File: ../results/rq3_duffie/figures/C1_regime_correlations_bar.pdf Graphic file
 (type pdf)
<use ../results/rq3_duffie/figures/C1_regime_correlations_bar.pdf>
Package pdftex.def Info: ../results/rq3_duffie/figures/C1_regime_correlations_b
ar.pdf  used on input line 40.
(pdftex.def)             Requested size: 422.77664pt x 140.21056pt.
 [22 <../results/rq3_duffie/figures/C1_regime_correlations_bar.pdf>]
(../results/tables/RQ3_Spanning_Regressions_article.tex) [23]
(../results/tables/RQ3_Interaction_Regressions_article.tex) [24]
(../results/tables/RQ3_PC1_Funding_article.tex [25]) [26]
<../results/rq3_duffie/figures/E1_girf.pdf, id=1001, 1075.82996pt x 851.62288pt
>
File: ../results/rq3_duffie/figures/E1_girf.pdf Graphic file (type pdf)
<use ../results/rq3_duffie/figures/E1_girf.pdf>
Package pdftex.def Info: ../results/rq3_duffie/figures/E1_girf.pdf  used on inp
ut line 143.
(pdftex.def)             Requested size: 469.75502pt x 371.85638pt.
 [27 <../results/rq3_duffie/figures/E1_girf.pdf>]) (chapters/skeleton1_sec7_con
clusion.tex) [28]
(skeleton_paper1.bbl [29

] [30] [31] [32]) [33] (chapters/paper1_appendix.tex
(../results/tables/entry_exit_thresholds_article.tex)
(../results/tables/trade_statistics_article.tex [34

])
(../results/tables/fee_schedule_article.tex) [35]
(../results/tables/SW_EW_basic_metrics_3strategies_article.tex)
(../results/tables/factor_list.tex [36]
Underfull \hbox (badness 10000) in paragraph at lines 36--36
[]|[][]\T1/ptm/m/n/10 Klaus and Rzep-
 []


Underfull \hbox (badness 10000) in paragraph at lines 37--37
[]|\T1/ptm/m/n/10 CORP_
 []


Underfull \hbox (badness 10000) in paragraph at lines 38--38
[]|[][]\T1/ptm/m/n/10 Fama and French[][]
 []


Underfull \hbox (badness 10000) in paragraph at lines 39--39
[]|[][]\T1/ptm/m/n/10 Fama and French[][]
 []


Underfull \hbox (badness 10000) in paragraph at lines 40--40
[]|\T1/ptm/m/n/10 CRED_SPR_
 []


Underfull \hbox (badness 10000) in paragraph at lines 40--40
[]|[][]\T1/ptm/m/n/10 Fung and Hsieh[][]
 []


Underfull \hbox (badness 10000) in paragraph at lines 41--41
[]|\T1/ptm/m/n/10 CRED_SPR_
 []


Underfull \hbox (badness 10000) in paragraph at lines 41--41
[]|[][]\T1/ptm/m/n/10 Fung and Hsieh[][]
 []


Underfull \hbox (badness 10000) in paragraph at lines 42--42
[]|[][]\T1/ptm/m/n/10 Fama and French[][]
 []


Underfull \hbox (badness 10000) in paragraph at lines 43--43
[]|[][]\T1/ptm/m/n/10 Fama and French[][]
 []


Overfull \hbox (0.6944pt too wide) in paragraph at lines 47--47
[]|\T1/ptm/m/n/10 GLOBAL_AGG| 
 []


Underfull \hbox (badness 10000) in paragraph at lines 48--48
[]|[][]\T1/ptm/m/n/10 Klaus and Rzep-
 []


Underfull \hbox (badness 10000) in paragraph at lines 49--49
[]|\T1/ptm/m/n/10 MAIN_5/3_
 []


Underfull \hbox (badness 10000) in paragraph at lines 50--50
[]|\T1/ptm/m/n/10 PB_EU_CDS_
 []


Underfull \hbox (badness 10000) in paragraph at lines 50--50
[]|[][]\T1/ptm/m/n/10 Klaus and Rzep-
 []


Underfull \hbox (badness 10000) in paragraph at lines 51--51
[]|\T1/ptm/m/n/10 PB_EU_CDS_
 []


Underfull \hbox (badness 10000) in paragraph at lines 51--51
[]|[][]\T1/ptm/m/n/10 Klaus and Rzep-
 []


Underfull \hbox (badness 10000) in paragraph at lines 52--52
[]|\T1/ptm/m/n/10 PB_US_CDS_
 []


Underfull \hbox (badness 10000) in paragraph at lines 52--52
[]|[][]\T1/ptm/m/n/10 Klaus and Rzep-
 []


Underfull \hbox (badness 10000) in paragraph at lines 53--53
[]|\T1/ptm/m/n/10 PB_US_CDS_
 []


Underfull \hbox (badness 10000) in paragraph at lines 53--53
[]|[][]\T1/ptm/m/n/10 Klaus and Rzep-
 []


Underfull \hbox (badness 10000) in paragraph at lines 62--62
[]|\T1/ptm/m/n/10 GC-REPO_
 []


Underfull \hbox (badness 10000) in paragraph at lines 62--62
[]|[][]\T1/ptm/m/n/10 Bai and Collin-
 []


Underfull \hbox (badness 10000) in paragraph at lines 65--65
[]|[][]\T1/ptm/m/n/10 Amihud and
 []


Underfull \hbox (badness 10000) in paragraph at lines 67--67
[]|\T1/ptm/m/n/10 LIBOR_REPO_
 []


Underfull \hbox (badness 10000) in paragraph at lines 68--68
[]|[][]\T1/ptm/m/n/10 Pástor and Stam-
 []


Underfull \hbox (badness 10000) in paragraph at lines 69--69
[]|[][]\T1/ptm/m/n/10 Pástor and Stam-
 []


Underfull \hbox (badness 10000) in paragraph at lines 71--71
[]|\T1/ptm/m/n/10 TED_SHOCK_
 []


Underfull \hbox (badness 10000) in paragraph at lines 72--72
[]|\T1/ptm/m/n/10 TED_SHOCK_
 []


Underfull \hbox (badness 10000) in paragraph at lines 73--73
[]|$\OT1/ztmcm/m/n/10 ^^A$\T1/ptm/m/n/10 FAILS_PCT_
 []


Underfull \hbox (badness 6658) in paragraph at lines 73--73
[]|[][]\T1/ptm/m/n/10 Fleckenstein et al.[][]
 []


Underfull \hbox (badness 10000) in paragraph at lines 80--80
[]|[][]\T1/ptm/m/n/10 Fama and French[][]
 []


Underfull \hbox (badness 10000) in paragraph at lines 83--83
[]|[][]\T1/ptm/m/n/10 Fama and French[][]
 []


Underfull \hbox (badness 10000) in paragraph at lines 84--84
[]|[][]\T1/ptm/m/n/10 Fama and French[][]
 []


Underfull \hbox (badness 10000) in paragraph at lines 86--86
[]|[][]\T1/ptm/m/n/10 Fama and French[][]
 []


Underfull \hbox (badness 10000) in paragraph at lines 88--88
[]|[][]\T1/ptm/m/n/10 Fama and French[][]
 []


Underfull \hbox (badness 10000) in paragraph at lines 94--94
[]|[][]\T1/ptm/m/n/10 Novales and
 []


Underfull \hbox (badness 10000) in paragraph at lines 95--95
[]|[][]\T1/ptm/m/n/10 Novales and
 []


Underfull \hbox (badness 4291) in paragraph at lines 100--100
[]|[][]\T1/ptm/m/n/10 Bansal and Stivers[][]
 []


Underfull \hbox (badness 10000) in paragraph at lines 101--101
[]|[][]\T1/ptm/m/n/10 Fung and Hsieh[][]
 []


Underfull \hbox (badness 10000) in paragraph at lines 102--102
[]|[][]\T1/ptm/m/n/10 Fung and Hsieh[][]
 []


Underfull \hbox (badness 10000) in paragraph at lines 103--103
[]|[][]\T1/ptm/m/n/10 Fung and Hsieh[][]
 []


Underfull \hbox (badness 10000) in paragraph at lines 104--104
[]|[][]\T1/ptm/m/n/10 Fung and Hsieh[][]
 []


Underfull \hbox (badness 10000) in paragraph at lines 105--105
[]|[][]\T1/ptm/m/n/10 Fung and Hsieh[][]
 []


Underfull \hbox (badness 10000) in paragraph at lines 116--116
[]|[][]\T1/ptm/m/n/10 Ludvigson et al.[][]
 []


Underfull \hbox (badness 10000) in paragraph at lines 117--117
[]|[][]\T1/ptm/m/n/10 Ludvigson et al.[][]
 []


Underfull \hbox (badness 10000) in paragraph at lines 118--118
[]|[][]\T1/ptm/m/n/10 Ludvigson et al.[][]
 []


Underfull \hbox (badness 10000) in paragraph at lines 123--123
[]|\T1/ptm/m/n/10 EURUSD_3M_
 []


Underfull \hbox (badness 10000) in paragraph at lines 124--124
[]|\T1/ptm/m/n/10 GLOBAL_
 []


Underfull \hbox (badness 10000) in paragraph at lines 132--132
[]|[][]\T1/ptm/m/n/10 Fama and French[][]
 []


Underfull \hbox (badness 10000) in paragraph at lines 133--133
[]|[][]\T1/ptm/m/n/10 Fama and French[][]
 []


Underfull \hbox (badness 10000) in paragraph at lines 136--136
[]|$\OT1/ztmcm/m/n/10 ^^A$\T1/ptm/m/n/10 10Y_YIELD_
 []


Underfull \hbox (badness 10000) in paragraph at lines 137--137
[]|$\OT1/ztmcm/m/n/10 ^^A$\T1/ptm/m/n/10 10Y_YIELD_
 []


Underfull \hbox (badness 2486) in paragraph at lines 138--138
[]|[][]\T1/ptm/m/n/10 Ferson and Har-vey[][]
 []


Underfull \hbox (badness 2486) in paragraph at lines 139--139
[]|[][]\T1/ptm/m/n/10 Ferson and Har-vey[][]
 []

ignored: Infinite glue shrinkage found in box being split [37]
ignored: Infinite glue shrinkage found in box being split [38]
ignored: Infinite glue shrinkage found in box being split [39]
ignored: Infinite glue shrinkage found in box being split [40])
(../results/robustness/tables/PCA_robustness_alpha_R2_article.tex) [41]
(../results/tables/PCA_subperiod_results_article.tex
ignored: Infinite glue shrinkage found in box being split [42]
ignored: Infinite glue shrinkage found in box being split [43]
Overfull \hbox (17.62482pt too wide) in paragraph at lines 110--114
[]$[]$ 
 []

ignored: Infinite glue shrinkage found in box being split [44]
Overfull \hbox (17.62482pt too wide) in paragraph at lines 219--223
[]$[]$ 
 []

) (../results/tables/PCA_regime_summary_article.tex) [45]
<../results/figures/pca/pca_rolling_alpha.pdf, id=1410, 1147.64636pt x 886.3124
7pt>
File: ../results/figures/pca/pca_rolling_alpha.pdf Graphic file (type pdf)
<use ../results/figures/pca/pca_rolling_alpha.pdf>
Package pdftex.def Info: ../results/figures/pca/pca_rolling_alpha.pdf  used on 
input line 129.
(pdftex.def)             Requested size: 469.75502pt x 362.78188pt.

(../results/tables/PCA_Cond_Alpha_FS_article_contemporaneous.tex [46 <../result
s/figures/pca/pca_rolling_alpha.pdf>])
(../results/tables/PCA_Cond_Alpha_Threshold_article_contemporaneous.tex)
<../results/figures/pca/pca_variance_timeseries.pdf, id=1499, 854.82484pt x 353
.56969pt>
File: ../results/figures/pca/pca_variance_timeseries.pdf Graphic file (type pdf
)
<use ../results/figures/pca/pca_variance_timeseries.pdf>
Package pdftex.def Info: ../results/figures/pca/pca_variance_timeseries.pdf  us
ed on input line 156.
(pdftex.def)             Requested size: 399.29463pt x 165.15271pt.

[47] (../results/tables/AEN_Selection_Names_article.tex
Overfull \hbox (17.51974pt too wide) in alignment at lines 3--9
 [] [] [] [] 
 []


Overfull \hbox (17.51974pt too wide) in alignment at lines 9--14
 [] [] [] [] 
 []


Overfull \hbox (17.51974pt too wide) in alignment at lines 14--16
 [] [] [] [] 
 []

LaTeX Font Info:    Font shape `OT1/ptm/bx/n' in size <5> not available
(Font)              Font shape `OT1/ptm/b/n' tried instead on input line 17.

Overfull \hbox (17.51974pt too wide) in alignment at lines 16--27
 [] [] [] [] 
 []

ignored: Infinite glue shrinkage found in box being split [48 <../results/figur
es/pca/pca_variance_timeseries.pdf>]
Overfull \hbox (17.62482pt too wide) in paragraph at lines 28--32
[]$[]$ 
 []

) (../results/aen/hqc/tables/Cond_Alpha_FS_Thesis.tex) [49]
(../results/aen/hqc/tables/Cond_Alpha_Threshold_Thesis.tex) [50]
<../results/figures/aen/aen_rolling_alpha.pdf, id=1612, 712.84813pt x 768.15106
pt>
File: ../results/figures/aen/aen_rolling_alpha.pdf Graphic file (type pdf)
<use ../results/figures/aen/aen_rolling_alpha.pdf>
Package pdftex.def Info: ../results/figures/aen/aen_rolling_alpha.pdf  used on 
input line 208.
(pdftex.def)             Requested size: 469.75502pt x 506.19595pt.
 [51]
(../results/tables/subperiod_regime_duarte_monthly.tex [52 <../results/figures/
aen/aen_rolling_alpha.pdf>])
<../results/figures/rolling_alpha_regime_btp_italia_duarte_monthly.pdf, id=1707
, 826.98647pt x 278.64162pt>
File: ../results/figures/rolling_alpha_regime_btp_italia_duarte_monthly.pdf Gra
phic file (type pdf)
<use ../results/figures/rolling_alpha_regime_btp_italia_duarte_monthly.pdf>
Package pdftex.def Info: ../results/figures/rolling_alpha_regime_btp_italia_dua
rte_monthly.pdf  used on input line 236.
(pdftex.def)             Requested size: 469.75502pt x 158.27888pt.
<../results/figures/rolling_alpha_regime_cds_bond_basis_duarte_monthly.pdf, id=
1708, 835.3615pt x 278.64162pt>
File: ../results/figures/rolling_alpha_regime_cds_bond_basis_duarte_monthly.pdf
 Graphic file (type pdf)
<use ../results/figures/rolling_alpha_regime_cds_bond_basis_duarte_monthly.pdf>

Package pdftex.def Info: ../results/figures/rolling_alpha_regime_cds_bond_basis
_duarte_monthly.pdf  used on input line 237.
(pdftex.def)             Requested size: 469.75502pt x 156.693pt.
<../results/figures/rolling_alpha_regime_itraxx_combined_duarte_monthly.pdf, id
=1709, 826.98647pt x 278.64162pt>
File: ../results/figures/rolling_alpha_regime_itraxx_combined_duarte_monthly.pd
f Graphic file (type pdf)
<use ../results/figures/rolling_alpha_regime_itraxx_combined_duarte_monthly.pdf
>
Package pdftex.def Info: ../results/figures/rolling_alpha_regime_itraxx_combine
d_duarte_monthly.pdf  used on input line 238.
(pdftex.def)             Requested size: 469.75502pt x 158.27888pt.
 [53]
(../results/tables/subperiod_regime_activefi_monthly.tex) [54 <../results/figur
es/rolling_alpha_regime_btp_italia_duarte_monthly.pdf> <../results/figures/roll
ing_alpha_regime_cds_bond_basis_duarte_monthly.pdf> <../results/figures/rolling
_alpha_regime_itraxx_combined_duarte_monthly.pdf>]
<../results/figures/rolling_alpha_regime_btp_italia_activefi_monthly.pdf, id=19
11, 826.98647pt x 278.64162pt>
File: ../results/figures/rolling_alpha_regime_btp_italia_activefi_monthly.pdf G
raphic file (type pdf)
<use ../results/figures/rolling_alpha_regime_btp_italia_activefi_monthly.pdf>
Package pdftex.def Info: ../results/figures/rolling_alpha_regime_btp_italia_act
ivefi_monthly.pdf  used on input line 253.
(pdftex.def)             Requested size: 469.75502pt x 158.27888pt.
<../results/figures/rolling_alpha_regime_cds_bond_basis_activefi_monthly.pdf, i
d=1912, 826.98647pt x 278.64162pt>
File: ../results/figures/rolling_alpha_regime_cds_bond_basis_activefi_monthly.p
df Graphic file (type pdf)
<use ../results/figures/rolling_alpha_regime_cds_bond_basis_activefi_monthly.pd
f>
Package pdftex.def Info: ../results/figures/rolling_alpha_regime_cds_bond_basis
_activefi_monthly.pdf  used on input line 254.
(pdftex.def)             Requested size: 469.75502pt x 158.27888pt.
<../results/figures/rolling_alpha_regime_itraxx_combined_activefi_monthly.pdf, 
id=1913, 826.98647pt x 278.64162pt>
File: ../results/figures/rolling_alpha_regime_itraxx_combined_activefi_monthly.
pdf Graphic file (type pdf)
<use ../results/figures/rolling_alpha_regime_itraxx_combined_activefi_monthly.p
df>
Package pdftex.def Info: ../results/figures/rolling_alpha_regime_itraxx_combine
d_activefi_monthly.pdf  used on input line 255.
(pdftex.def)             Requested size: 469.75502pt x 158.27888pt.
 [55]
(../results/tables/subperiod_regime_fh_monthly.tex) [56 <../results/figures/rol
ling_alpha_regime_btp_italia_activefi_monthly.pdf> <../results/figures/rolling_
alpha_regime_cds_bond_basis_activefi_monthly.pdf> <../results/figures/rolling_a
lpha_regime_itraxx_combined_activefi_monthly.pdf>]
<../results/figures/rolling_alpha_regime_btp_italia_funghsieh_monthly.pdf, id=2
124, 826.98647pt x 278.64162pt>
File: ../results/figures/rolling_alpha_regime_btp_italia_funghsieh_monthly.pdf 
Graphic file (type pdf)
<use ../results/figures/rolling_alpha_regime_btp_italia_funghsieh_monthly.pdf>
Package pdftex.def Info: ../results/figures/rolling_alpha_regime_btp_italia_fun
ghsieh_monthly.pdf  used on input line 273.
(pdftex.def)             Requested size: 469.75502pt x 158.27888pt.
<../results/figures/rolling_alpha_regime_cds_bond_basis_funghsieh_monthly.pdf, 
id=2125, 826.70416pt x 278.64162pt>
File: ../results/figures/rolling_alpha_regime_cds_bond_basis_funghsieh_monthly.
pdf Graphic file (type pdf)
<use ../results/figures/rolling_alpha_regime_cds_bond_basis_funghsieh_monthly.p
df>
Package pdftex.def Info: ../results/figures/rolling_alpha_regime_cds_bond_basis
_funghsieh_monthly.pdf  used on input line 274.
(pdftex.def)             Requested size: 469.75502pt x 158.33415pt.
<../results/figures/rolling_alpha_regime_itraxx_combined_funghsieh_monthly.pdf,
 id=2126, 826.70416pt x 278.64162pt>
File: ../results/figures/rolling_alpha_regime_itraxx_combined_funghsieh_monthly
.pdf Graphic file (type pdf)
<use ../results/figures/rolling_alpha_regime_itraxx_combined_funghsieh_monthly.
pdf>
Package pdftex.def Info: ../results/figures/rolling_alpha_regime_itraxx_combine
d_funghsieh_monthly.pdf  used on input line 275.
(pdftex.def)             Requested size: 469.75502pt x 158.33415pt.
 [57]
(../results/tables/RQ3_Purged_Correlations_article.tex [58 <../results/figures/
rolling_alpha_regime_btp_italia_funghsieh_monthly.pdf> <../results/figures/roll
ing_alpha_regime_cds_bond_basis_funghsieh_monthly.pdf> <../results/figures/roll
ing_alpha_regime_itraxx_combined_funghsieh_monthly.pdf>])
<../results/rq3_duffie/figures/F1_dcc_garch.pdf, id=2326, 1002.50223pt x 1065.0
3964pt>
File: ../results/rq3_duffie/figures/F1_dcc_garch.pdf Graphic file (type pdf)
<use ../results/rq3_duffie/figures/F1_dcc_garch.pdf>
Package pdftex.def Info: ../results/rq3_duffie/figures/F1_dcc_garch.pdf  used o
n input line 318.
(pdftex.def)             Requested size: 469.75502pt x 499.0736pt.
 [59]
(../results/tables/RQ3_Granger_Multilag_article.tex) [60 <../results/rq3_duffie
/figures/F1_dcc_garch.pdf>]
(../results/tables/RQ3_Alternative_Proxies_article.tex)
(../results/tables/Duarte_VIF_article_monthly.tex) [61]
(../results/tables/ActiveFI_VIF_article_monthly.tex)
(../results/tables/FungHsieh_VIF_article_monthly.tex)) [62]
(skeleton_paper1.aux)
 ***********
LaTeX2e <2025-11-01>
L3 programming layer <2026-01-19>
 ***********
Package rerunfilecheck Info: File `skeleton_paper1.out' has not changed.
(rerunfilecheck)             Checksum: 2B6A7E624BBB54BEFD82014F646B65F8;14020.
 ) 
Here is how much of TeX's memory you used:
 15307 strings out of 467866
 267093 string characters out of 5418326
 726125 words of memory out of 5000000
 43478 multiletter control sequences out of 15000+600000
 741651 words of font info for 205 fonts, out of 8000000 for 9000
 1141 hyphenation exceptions out of 8191
 80i,16n,82p,2748b,708s stack positions out of 10000i,1000n,20000p,200000b,200000s
 <C:\Users\aless\AppData\Local\MiKTeX\fonts/pk/ljfour/jknappen/ec/dpi600\ectt
1095.pk><C:/Users/aless/AppData/Local/Programs/MiKTeX/fonts/type1/public/amsfon
ts/cm/cmex10.pfb><C:/Users/aless/AppData/Local/Programs/MiKTeX/fonts/type1/publ
ic/amsfonts/cm/cmmi10.pfb><C:/Users/aless/AppData/Local/Programs/MiKTeX/fonts/t
ype1/public/amsfonts/cm/cmr10.pfb><C:/Users/aless/AppData/Local/Programs/MiKTeX
/fonts/type1/public/amsfonts/cm/cmsy10.pfb><C:/Users/aless/AppData/Local/Progra
ms/MiKTeX/fonts/type1/urw/symbol/usyr.pfb><C:/Users/aless/AppData/Local/Program
s/MiKTeX/fonts/type1/urw/symbol/usyr.pfb><C:/Users/aless/AppData/Local/Programs
/MiKTeX/fonts/type1/urw/times/utmb8a.pfb><C:/Users/aless/AppData/Local/Programs
/MiKTeX/fonts/type1/urw/times/utmr8a.pfb><C:/Users/aless/AppData/Local/Programs
/MiKTeX/fonts/type1/urw/times/utmri8a.pfb>
Output written on skeleton_paper1.pdf (62 pages, 2224895 bytes).
PDF statistics:
 2587 PDF objects out of 2984 (max. 8388607)
 280 named destinations out of 1000 (max. 500000)
 618 words of extra memory for PDF output out of 10000 (max. 10000000)

